INFO lab4.MainClass 21:35:27,583: Start processing
ERROR lab4.MainClass 21:35:27,587: Class not found
java.lang.ClassNotFoundException: lab4.Service
	at java.net.URLClassLoader$1.run(URLClassLoader.java:366)
	at java.net.URLClassLoader$1.run(URLClassLoader.java:355)
	at java.security.AccessController.doPrivileged(Native Method)
	at java.net.URLClassLoader.findClass(URLClassLoader.java:354)
	at java.lang.ClassLoader.loadClass(ClassLoader.java:425)
	at sun.misc.Launcher$AppClassLoader.loadClass(Launcher.java:308)
	at java.lang.ClassLoader.loadClass(ClassLoader.java:358)
	at java.lang.Class.forName0(Native Method)
	at java.lang.Class.forName(Class.java:190)
	at lab4.MainClass.invokeService(MainClass.java:60)
	at lab4.MainClass.main(MainClass.java:33)
ERROR lab4.MainClass 21:35:27,590: Method not found
java.lang.NoSuchMethodException: lab4.Service1.serviceMethod1(java.lang.String, java.lang.String)
	at java.lang.Class.getMethod(Class.java:1665)
	at lab4.MainClass.invokeService(MainClass.java:62)
	at lab4.MainClass.main(MainClass.java:33)
ERROR lab4.MainClass 21:35:27,592: Method not found
java.lang.NoSuchMethodException: lab4.Service2.serviceMethod1(java.lang.String, java.lang.String, java.lang.String, java.lang.String)
	at java.lang.Class.getMethod(Class.java:1665)
	at lab4.MainClass.invokeService(MainClass.java:62)
	at lab4.MainClass.main(MainClass.java:33)
ERROR lab4.MainClass 21:35:27,592: Method not found
java.lang.NoSuchMethodException: lab4.Service1.serviceMethod(java.lang.String)
	at java.lang.Class.getMethod(Class.java:1665)
	at lab4.MainClass.invokeService(MainClass.java:62)
	at lab4.MainClass.main(MainClass.java:33)
INFO lab4.MainClass 21:35:27,596: Done
